ABC command line: "source do".

0
78 78 77 
solve again: 0
1
78 78 77 
solve again: 0
2
78 78 77 
solve again: 0
3
78 78 77 
solve again: 0
4
78 78 77 
solve again: 0
5
78 78 77 
solve again: 0
6
78 78 77 
solve again: 0
7
78 78 77 
solve again: 0
8
78 78 77 
solve again: 0
9
78 78 77 
solve again: 0
10
78 78 77 
solve again: 0
11
78 78 77 
solve again: 0
12
78 78 77 
solve again: 0
13
78 78 77 
solve again: 0
14
78 78 77 
solve again: 0
15
78 78 77 
solve again: 0
16
78 78 77 
solve again: 0
17
78 78 77 
solve again: 0
18
78 78 77 
solve again: 0
19
78 78 77 
solve again: 0
20
78 78 77 
solve again: 0
21
78 78 77 
solve again: 0
22
78 78 77 
solve again: 0
23
78 78 77 
solve again: 0
24
78 78 77 
solve again: 0
25
78 78 77 
solve again: 0
26
78 78 77 
solve again: 0
27
78 78 77 
solve again: 0
28
78 78 77 
solve again: 0
29
78 78 77 
solve again: 0
30
78 78 77 
solve again: 0
31
78 78 77 
solve again: 0
32
78 78 77 
solve again: 0
33
78 78 77 
solve again: 0
34
78 78 77 
solve again: 0
35
78 78 77 
solve again: 0
36
78 78 77 
solve again: 0
37
78 78 77 
solve again: 0
38
78 78 77 
solve again: 0
39
78 78 77 
solve again: 0
40
78 78 77 
solve again: 0
41
78 78 77 
solve again: 0
42
78 78 77 
solve again: 0
43
78 78 77 
solve again: 0
44
78 78 77 
solve again: 0
45
78 78 77 
solve again: 0
46
78 78 77 
solve again: 0
47
78 78 77 
solve again: 0
48
78 78 77 
solve again: 0
49
78 78 77 
solve again: 0
50
78 78 77 
solve again: 0
51
78 78 77 
solve again: 0
52
78 78 77 
solve again: 0
53
78 78 77 
solve again: 0
54
78 78 77 
solve again: 0
55
78 78 77 
solve again: 0
56
78 78 77 
solve again: 0
57
78 78 77 
solve again: 0
58
78 78 77 
solve again: 0
59
78 78 77 
solve again: 0
60
78 78 77 
solve again: 0
61
78 78 77 
solve again: 0
62
78 78 77 
solve again: 0
63
78 78 77 
solve again: 0
64
78 78 77 
solve again: 0
65
78 78 77 
solve again: 0
66
78 78 77 
solve again: 0
67
78 78 77 
solve again: 0
68
78 78 77 
solve again: 0
69
78 78 77 
solve again: 0
70
78 78 77 
solve again: 0
71
78 78 77 
solve again: 0
72
78 78 77 
solve again: 0
73
78 78 77 
solve again: 0
74
78 78 77 
solve again: 0
75
78 78 77 
solve again: 0
76
78 78 77 
solve again: 0
77
78 78 77 
solve again: 0
78
78 78 77 
solve again: 0
79
78 78 77 
solve again: 0
80
78 78 77 
solve again: 0
81
78 78 77 
solve again: 0
82
78 78 77 
solve again: 0
83
78 78 77 
solve again: 0
84
78 78 77 
solve again: 0
85
78 78 77 
solve again: 0
86
78 78 77 
solve again: 0
87
78 78 77 
solve again: 0
88
78 78 77 
solve again: 0
89
78 78 77 
solve again: 0
90
78 78 77 
solve again: 0
91
78 78 77 
solve again: 0
92
78 78 77 
solve again: 0
93
78 78 77 
solve again: 0
94
78 78 77 
solve again: 0
95
78 78 77 
solve again: 0
96
78 78 77 
solve again: 0
97
78 78 77 
solve again: 0
98
78 78 77 
solve again: 0
99
78 78 77 
solve again: 0
100
78 78 77 
solve again: 0
101
78 78 77 
solve again: 0
102
78 78 77 
solve again: 0
103
78 78 77 
solve again: 0
104
78 78 77 
solve again: 0
105
78 78 77 
solve again: 0
106
78 78 77 
solve again: 0
107
78 78 77 
solve again: 0
108
78 78 77 
solve again: 0
109
78 78 77 
solve again: 0
110
78 78 77 
solve again: 0
111
78 78 77 
solve again: 0
112
78 78 77 
solve again: 0
113
78 78 77 
solve again: 0
114
78 78 77 
solve again: 0
115
78 78 77 
solve again: 0
116
78 78 77 
solve again: 0
117
78 78 77 
solve again: 0
118
78 78 77 
solve again: 0
119
78 78 77 
solve again: 0
120
78 78 77 
solve again: 0
121
78 78 77 
solve again: 0
122
78 78 77 
solve again: 0
123
78 78 77 
solve again: 0
124
78 78 77 
solve again: 0
125
78 78 77 
solve again: 0
126
76 82 75 
solve again: 0
127
77 79 77 
solve again: 0
128
78 78 77 
solve again: 0
129
78 78 77 
solve again: 0
130
NO SOLUTION
131
78 78 77 
solve again: 0
132
NO SOLUTION
133
NO SOLUTION
134
NO SOLUTION
135
78 78 77 
solve again: 0
136
NO SOLUTION
137
78 78 77 
solve again: 0
138
84 84 65 
solve again: 0
139
NO SOLUTION
real	0m0.322s

