ABC command line: "source do".

0
20 20 20 
solve again: 0
1
20 20 20 
solve again: 0
2
20 20 20 
solve again: 0
3
20 20 20 
solve again: 0
4
NO SOLUTION
5
20 20 20 
solve again: 0
6
20 20 20 
solve again: 0
7
20 20 20 
solve again: 0
8
20 20 20 
solve again: 0
9
20 20 20 
solve again: 0
10
20 20 20 
solve again: 0
11
20 20 20 
solve again: 0
12
NO SOLUTION
13
NO SOLUTION
14
20 20 20 
solve again: 0
15
20 20 20 
solve again: 0
16
20 20 20 
solve again: 0
17
NO SOLUTION
18
NO SOLUTION
19
NO SOLUTION
20
NO SOLUTION
21
NO SOLUTION
22
NO SOLUTION
23
NO SOLUTION
24
NO SOLUTION
25
NO SOLUTION
real	0m39.877s

